2017-06-02 21:50:12.665 INFO  (main) [   ] o.e.j.s.Server jetty-9.3.14.v20161028
2017-06-02 21:50:12.970 INFO  (main) [   ] o.a.s.s.SolrDispatchFilter  ___      _       Welcome to Apache Solr™ version 6.5.1
2017-06-02 21:50:12.970 INFO  (main) [   ] o.a.s.s.SolrDispatchFilter / __| ___| |_ _   Starting in standalone mode on port 8983
2017-06-02 21:50:12.970 INFO  (main) [   ] o.a.s.s.SolrDispatchFilter \__ \/ _ \ | '_|  Install dir: /Users/rendenyoder/Desktop/Option#2/solr-6.5.1
2017-06-02 21:50:12.984 INFO  (main) [   ] o.a.s.s.SolrDispatchFilter |___/\___/_|_|    Start time: 2017-06-02T21:50:12.972Z
2017-06-02 21:50:12.984 INFO  (main) [   ] o.a.s.s.StartupLoggingUtils Property solr.log.muteconsole given. Muting ConsoleAppender named CONSOLE
2017-06-02 21:50:13.000 INFO  (main) [   ] o.a.s.c.SolrResourceLoader Using system property solr.solr.home: /Users/rendenyoder/Desktop/Option#2/solr-6.5.1/server/solr
2017-06-02 21:50:13.007 INFO  (main) [   ] o.a.s.c.SolrXmlConfig Loading container configuration from /Users/rendenyoder/Desktop/Option#2/solr-6.5.1/server/solr/solr.xml
2017-06-02 21:50:13.236 INFO  (main) [   ] o.a.s.u.UpdateShardHandler Creating UpdateShardHandler HTTP client with params: socketTimeout=600000&connTimeout=60000&retry=true
2017-06-02 21:50:18.350 INFO  (main) [   ] o.a.s.c.CorePropertiesLocator Found 1 core definitions underneath /Users/rendenyoder/Desktop/Option#2/solr-6.5.1/server/solr
2017-06-02 21:50:18.351 INFO  (main) [   ] o.a.s.c.CorePropertiesLocator Cores are: [sample]
2017-06-02 21:50:18.375 INFO  (coreLoadExecutor-6-thread-1) [   x:sample] o.a.s.c.SolrConfig Using Lucene MatchVersion: 4.5.0
2017-06-02 21:50:18.417 INFO  (coreLoadExecutor-6-thread-1) [   x:sample] o.a.s.s.IndexSchema [sample] Schema name=sample
2017-06-02 21:50:18.420 INFO  (main) [   ] o.e.j.s.Server Started @6148ms
2017-06-02 21:50:18.441 WARN  (coreLoadExecutor-6-thread-1) [   x:sample] o.a.s.s.IndexSchema [sample] default search field in schema is id. WARNING: Deprecated, please use 'df' on request instead.
2017-06-02 21:50:18.441 WARN  (coreLoadExecutor-6-thread-1) [   x:sample] o.a.s.s.IndexSchema [sample] query parser default operator is OR. WARNING: Deprecated, please use 'q.op' on request instead.
2017-06-02 21:50:18.442 INFO  (coreLoadExecutor-6-thread-1) [   x:sample] o.a.s.s.IndexSchema Loaded schema sample/1.1 with uniqueid field id
2017-06-02 21:50:18.443 INFO  (coreLoadExecutor-6-thread-1) [   x:sample] o.a.s.c.CoreContainer Creating SolrCore 'sample' using configuration from instancedir /Users/rendenyoder/Desktop/Option#2/solr-6.5.1/server/solr/sample_core/sample
2017-06-02 21:50:18.466 INFO  (coreLoadExecutor-6-thread-1) [   x:sample] o.a.s.c.SolrCore solr.RecoveryStrategy.Builder
2017-06-02 21:50:18.471 INFO  (coreLoadExecutor-6-thread-1) [   x:sample] o.a.s.c.SolrCore [[sample] ] Opening new SolrCore at [/Users/rendenyoder/Desktop/Option#2/solr-6.5.1/server/solr/sample_core/sample], dataDir=[/Users/rendenyoder/Desktop/Option#2/solr-6.5.1/server/solr/sample_core/sample/data/]
2017-06-02 21:50:21.022 INFO  (qtp1205044462-12) [   ] o.a.s.s.HttpSolrCall [admin] webapp=null path=/admin/cores params={indexInfo=false&wt=json&_=1496440220868} status=0 QTime=5
2017-06-02 21:50:21.044 INFO  (qtp1205044462-21) [   ] o.a.s.s.HttpSolrCall [admin] webapp=null path=/admin/info/system params={wt=json&_=1496440220869} status=0 QTime=27
2017-06-02 21:50:23.751 INFO  (coreLoadExecutor-6-thread-1) [   x:sample] o.a.s.u.CommitTracker Hard AutoCommit: disabled
2017-06-02 21:50:23.751 INFO  (coreLoadExecutor-6-thread-1) [   x:sample] o.a.s.u.CommitTracker Soft AutoCommit: disabled
2017-06-02 21:50:23.764 INFO  (coreLoadExecutor-6-thread-1) [   x:sample] o.a.s.s.SolrIndexSearcher Opening [Searcher@234403cd[sample] main]
2017-06-02 21:50:23.770 INFO  (coreLoadExecutor-6-thread-1) [   x:sample] o.a.s.r.ManagedResourceStorage File-based storage initialized to use dir: /Users/rendenyoder/Desktop/Option#2/solr-6.5.1/server/solr/sample_core/sample/conf
2017-06-02 21:50:23.782 INFO  (coreLoadExecutor-6-thread-1) [   x:sample] o.a.s.h.ReplicationHandler Commits will be reserved for  10000
2017-06-02 21:50:23.800 INFO  (searcherExecutor-7-thread-1-processing-x:sample) [   x:sample] o.a.s.c.SolrCore [sample] Registered new searcher Searcher@234403cd[sample] main{ExitableDirectoryReader(UninvertingDirectoryReader())}
2017-06-02 21:50:29.177 INFO  (qtp1205044462-18) [   x:sample] o.a.s.c.S.Request [sample]  webapp=/solr path=/select params={q=*:*&indent=on&wt=json&_=1496440220989} hits=0 status=0 QTime=21
2017-06-02 21:50:32.520 INFO  (qtp1205044462-13) [   ] o.a.s.s.HttpSolrCall [admin] webapp=null path=/admin/cores params={indexInfo=false&wt=json&_=1496440232404} status=0 QTime=0
2017-06-02 21:50:32.534 INFO  (qtp1205044462-14) [   ] o.a.s.s.HttpSolrCall [admin] webapp=null path=/admin/info/system params={wt=json&_=1496440232404} status=0 QTime=12
2017-06-02 21:50:35.544 INFO  (qtp1205044462-16) [   x:sample] o.a.s.c.S.Request [sample]  webapp=/solr path=/select params={q=*:*&indent=on&wt=json&_=1496440232497} hits=0 status=0 QTime=0
2017-06-02 21:51:56.541 INFO  (qtp1205044462-13) [   ] o.a.s.s.HttpSolrCall [admin] webapp=null path=/admin/cores params={indexInfo=false&wt=json&_=1496440316364} status=0 QTime=0
2017-06-02 21:51:56.557 INFO  (qtp1205044462-13) [   ] o.a.s.s.HttpSolrCall [admin] webapp=null path=/admin/info/system params={wt=json&_=1496440316364} status=0 QTime=11
2017-06-02 21:51:57.681 INFO  (qtp1205044462-12) [   x:sample] o.a.s.c.S.Request [sample]  webapp=/solr path=/select params={q=*:*&indent=on&wt=json&_=1496440316508} hits=0 status=0 QTime=0
2017-06-02 21:52:10.972 INFO  (qtp1205044462-14) [   x:sample] o.a.s.u.DirectUpdateHandler2 start commit{,optimize=false,openSearcher=true,waitSearcher=true,expungeDeletes=false,softCommit=false,prepareCommit=false}
2017-06-02 21:52:10.972 INFO  (qtp1205044462-14) [   x:sample] o.a.s.u.SolrIndexWriter Calling setCommitData with IW:org.apache.solr.update.SolrIndexWriter@7fc0da85
2017-06-02 21:52:11.058 INFO  (qtp1205044462-14) [   x:sample] o.a.s.s.SolrIndexSearcher Opening [Searcher@4cdc597a[sample] main]
2017-06-02 21:52:11.059 INFO  (qtp1205044462-14) [   x:sample] o.a.s.u.DirectUpdateHandler2 end_commit_flush
2017-06-02 21:52:11.060 INFO  (searcherExecutor-7-thread-1-processing-x:sample) [   x:sample] o.a.s.c.SolrCore [sample] Registered new searcher Searcher@4cdc597a[sample] main{ExitableDirectoryReader(UninvertingDirectoryReader(Uninverting(_0(6.5.1):C1)))}
2017-06-02 21:52:11.060 INFO  (qtp1205044462-14) [   x:sample] o.a.s.u.p.LogUpdateProcessorFactory [sample]  webapp=/solr path=/update params={commit=true&wt=json}{add=[8],commit=} 0 148
2017-06-02 21:52:15.327 INFO  (qtp1205044462-18) [   x:sample] o.a.s.c.S.Request [sample]  webapp=/solr path=/select params={q=*:*&indent=on&wt=json&_=1496440316508} hits=1 status=0 QTime=5
2017-06-02 21:52:18.557 INFO  (qtp1205044462-17) [   x:sample] o.a.s.u.DirectUpdateHandler2 start commit{,optimize=false,openSearcher=true,waitSearcher=true,expungeDeletes=false,softCommit=false,prepareCommit=false}
2017-06-02 21:52:18.557 INFO  (qtp1205044462-17) [   x:sample] o.a.s.u.SolrIndexWriter Calling setCommitData with IW:org.apache.solr.update.SolrIndexWriter@7fc0da85
2017-06-02 21:52:18.577 INFO  (qtp1205044462-17) [   x:sample] o.a.s.s.SolrIndexSearcher Opening [Searcher@7c80407c[sample] main]
2017-06-02 21:52:18.577 INFO  (qtp1205044462-17) [   x:sample] o.a.s.u.DirectUpdateHandler2 end_commit_flush
2017-06-02 21:52:18.577 INFO  (searcherExecutor-7-thread-1-processing-x:sample) [   x:sample] o.a.s.c.SolrCore [sample] Registered new searcher Searcher@7c80407c[sample] main{ExitableDirectoryReader(UninvertingDirectoryReader(Uninverting(_0(6.5.1):C1) Uninverting(_1(6.5.1):C1)))}
2017-06-02 21:52:18.577 INFO  (qtp1205044462-17) [   x:sample] o.a.s.u.p.LogUpdateProcessorFactory [sample]  webapp=/solr path=/update params={commit=true&wt=json}{add=[17],commit=} 0 23
2017-06-02 21:52:21.118 INFO  (qtp1205044462-18) [   x:sample] o.a.s.u.DirectUpdateHandler2 start commit{,optimize=false,openSearcher=true,waitSearcher=true,expungeDeletes=false,softCommit=false,prepareCommit=false}
2017-06-02 21:52:21.118 INFO  (qtp1205044462-18) [   x:sample] o.a.s.u.SolrIndexWriter Calling setCommitData with IW:org.apache.solr.update.SolrIndexWriter@7fc0da85
2017-06-02 21:52:21.124 INFO  (qtp1205044462-18) [   x:sample] o.a.s.s.SolrIndexSearcher Opening [Searcher@6f689f00[sample] main]
2017-06-02 21:52:21.124 INFO  (qtp1205044462-18) [   x:sample] o.a.s.u.DirectUpdateHandler2 end_commit_flush
2017-06-02 21:52:21.124 INFO  (searcherExecutor-7-thread-1-processing-x:sample) [   x:sample] o.a.s.c.SolrCore [sample] Registered new searcher Searcher@6f689f00[sample] main{ExitableDirectoryReader(UninvertingDirectoryReader(Uninverting(_0(6.5.1):C1) Uninverting(_1(6.5.1):C1) Uninverting(_2(6.5.1):C1)))}
2017-06-02 21:52:21.125 INFO  (qtp1205044462-18) [   x:sample] o.a.s.u.p.LogUpdateProcessorFactory [sample]  webapp=/solr path=/update params={commit=true&wt=json}{add=[13],commit=} 0 8
2017-06-02 21:52:23.018 INFO  (qtp1205044462-19) [   x:sample] o.a.s.u.DirectUpdateHandler2 start commit{,optimize=false,openSearcher=true,waitSearcher=true,expungeDeletes=false,softCommit=false,prepareCommit=false}
2017-06-02 21:52:23.018 INFO  (qtp1205044462-19) [   x:sample] o.a.s.u.SolrIndexWriter Calling setCommitData with IW:org.apache.solr.update.SolrIndexWriter@7fc0da85
2017-06-02 21:52:23.026 INFO  (qtp1205044462-19) [   x:sample] o.a.s.s.SolrIndexSearcher Opening [Searcher@236dd14b[sample] main]
2017-06-02 21:52:23.026 INFO  (qtp1205044462-19) [   x:sample] o.a.s.u.DirectUpdateHandler2 end_commit_flush
2017-06-02 21:52:23.026 INFO  (searcherExecutor-7-thread-1-processing-x:sample) [   x:sample] o.a.s.c.SolrCore [sample] Registered new searcher Searcher@236dd14b[sample] main{ExitableDirectoryReader(UninvertingDirectoryReader(Uninverting(_0(6.5.1):C1) Uninverting(_1(6.5.1):C1) Uninverting(_2(6.5.1):C1) Uninverting(_3(6.5.1):C1)))}
2017-06-02 21:52:23.026 INFO  (qtp1205044462-19) [   x:sample] o.a.s.u.p.LogUpdateProcessorFactory [sample]  webapp=/solr path=/update params={commit=true&wt=json}{add=[18],commit=} 0 9
2017-06-02 21:52:25.935 INFO  (qtp1205044462-14) [   x:sample] o.a.s.c.S.Request [sample]  webapp=/solr path=/select params={q=*:*&indent=on&wt=json&_=1496440316508} hits=4 status=0 QTime=0
2017-06-02 21:52:40.431 INFO  (qtp1205044462-21) [   x:sample] o.a.s.c.S.Request [sample]  webapp=/solr path=/select params={q=13&indent=on&wt=csv} hits=1 status=0 QTime=4
2017-06-02 21:52:40.469 INFO  (qtp1205044462-18) [   x:sample] o.a.s.u.DirectUpdateHandler2 start commit{,optimize=false,openSearcher=true,waitSearcher=true,expungeDeletes=false,softCommit=false,prepareCommit=false}
2017-06-02 21:52:40.469 INFO  (qtp1205044462-18) [   x:sample] o.a.s.u.SolrIndexWriter Calling setCommitData with IW:org.apache.solr.update.SolrIndexWriter@7fc0da85
2017-06-02 21:52:40.473 INFO  (qtp1205044462-18) [   x:sample] o.a.s.s.SolrIndexSearcher Opening [Searcher@7a7090[sample] main]
2017-06-02 21:52:40.474 INFO  (searcherExecutor-7-thread-1-processing-x:sample) [   x:sample] o.a.s.c.SolrCore [sample] Registered new searcher Searcher@7a7090[sample] main{ExitableDirectoryReader(UninvertingDirectoryReader(Uninverting(_0(6.5.1):C1) Uninverting(_1(6.5.1):C1) Uninverting(_3(6.5.1):C1)))}
2017-06-02 21:52:40.475 INFO  (qtp1205044462-18) [   x:sample] o.a.s.u.DirectUpdateHandler2 end_commit_flush
2017-06-02 21:52:40.475 INFO  (qtp1205044462-18) [   x:sample] o.a.s.u.p.LogUpdateProcessorFactory [sample]  webapp=/solr path=/update params={stream.body=<delete><query>id:13</query></delete>&commit=true}{deleteByQuery=id:13,commit=} 0 35
2017-06-02 21:52:50.087 INFO  (qtp1205044462-18) [   x:sample] o.a.s.c.S.Request [sample]  webapp=/solr path=/select params={q=18&indent=on&wt=csv} hits=1 status=0 QTime=0
2017-06-02 21:52:50.090 INFO  (qtp1205044462-13) [   x:sample] o.a.s.u.DirectUpdateHandler2 start commit{,optimize=false,openSearcher=true,waitSearcher=true,expungeDeletes=false,softCommit=false,prepareCommit=false}
2017-06-02 21:52:50.090 INFO  (qtp1205044462-13) [   x:sample] o.a.s.u.SolrIndexWriter Calling setCommitData with IW:org.apache.solr.update.SolrIndexWriter@7fc0da85
2017-06-02 21:52:50.092 INFO  (qtp1205044462-13) [   x:sample] o.a.s.s.SolrIndexSearcher Opening [Searcher@6d3d0fa5[sample] main]
2017-06-02 21:52:50.093 INFO  (qtp1205044462-13) [   x:sample] o.a.s.u.DirectUpdateHandler2 end_commit_flush
2017-06-02 21:52:50.093 INFO  (searcherExecutor-7-thread-1-processing-x:sample) [   x:sample] o.a.s.c.SolrCore [sample] Registered new searcher Searcher@6d3d0fa5[sample] main{ExitableDirectoryReader(UninvertingDirectoryReader(Uninverting(_0(6.5.1):C1) Uninverting(_1(6.5.1):C1)))}
2017-06-02 21:52:50.093 INFO  (qtp1205044462-13) [   x:sample] o.a.s.u.p.LogUpdateProcessorFactory [sample]  webapp=/solr path=/update params={stream.body=<delete><query>id:18</query></delete>&commit=true}{deleteByQuery=id:18,commit=} 0 3
2017-06-02 21:52:53.065 INFO  (qtp1205044462-20) [   x:sample] o.a.s.c.S.Request [sample]  webapp=/solr path=/select params={q=*:*&indent=on&wt=json&_=1496440316508} hits=2 status=0 QTime=0
